2021-10-27 19:03:51,307 INFO o.a.j.u.JMeterUtils: Setting Locale to en_EN
2021-10-27 19:03:51,391 INFO o.a.j.JMeter: Loading user properties from: user.properties
2021-10-27 19:03:51,392 INFO o.a.j.JMeter: Loading system properties from: system.properties
2021-10-27 19:03:51,402 INFO o.a.j.JMeter: Copyright (c) 1998-2021 The Apache Software Foundation
2021-10-27 19:03:51,402 INFO o.a.j.JMeter: Version 5.4.1
2021-10-27 19:03:51,402 INFO o.a.j.JMeter: java.version=1.8.0_131
2021-10-27 19:03:51,402 INFO o.a.j.JMeter: java.vm.name=OpenJDK 64-Bit Server VM
2021-10-27 19:03:51,402 INFO o.a.j.JMeter: os.name=Mac OS X
2021-10-27 19:03:51,402 INFO o.a.j.JMeter: os.arch=x86_64
2021-10-27 19:03:51,402 INFO o.a.j.JMeter: os.version=10.16
2021-10-27 19:03:51,402 INFO o.a.j.JMeter: file.encoding=UTF-8
2021-10-27 19:03:51,402 INFO o.a.j.JMeter: java.awt.headless=true
2021-10-27 19:03:51,402 INFO o.a.j.JMeter: Max memory     =1073741824
2021-10-27 19:03:51,402 INFO o.a.j.JMeter: Available Processors =12
2021-10-27 19:03:51,409 INFO o.a.j.JMeter: Default Locale=English (EN)
2021-10-27 19:03:51,409 INFO o.a.j.JMeter: JMeter  Locale=English (EN)
2021-10-27 19:03:51,409 INFO o.a.j.JMeter: JMeterHome=/Users/user/IdeaProjects/project/apache-jmeter
2021-10-27 19:03:51,409 INFO o.a.j.JMeter: user.dir  =/Users/user/IdeaProjects/project/apache-jmeter/bin
2021-10-27 19:03:51,409 INFO o.a.j.JMeter: PWD       =/Users/user/IdeaProjects/project/apache-jmeter/bin
2021-10-27 19:03:51,411 INFO o.a.j.JMeter: IP: 127.0.0.1 Name: bala-9784 FullName: localhost
2021-10-27 19:03:51,416 INFO o.a.j.s.FileServer: Default base='/Users/user/IdeaProjects/project/apache-jmeter/bin'
2021-10-27 19:03:51,417 INFO o.a.j.s.FileServer: Set new base='/Users/user/IdeaProjects/project/apache-jmeter/bin'
2021-10-27 19:03:51,545 INFO o.a.j.s.SaveService: Testplan (JMX) version: 2.2. Testlog (JTL) version: 2.2
2021-10-27 19:03:51,563 INFO o.a.j.s.SaveService: Using SaveService properties file encoding UTF-8
2021-10-27 19:03:51,569 INFO o.a.j.s.SaveService: Using SaveService properties version 5.0
2021-10-27 19:03:51,573 INFO o.a.j.s.SaveService: Loading file: /Users/user/IdeaProjects/project/apache-jmeter/bin/ZE_Expense_GET.jmx
2021-10-27 19:03:51,623 INFO o.a.j.p.h.s.HTTPSamplerBase: Parser for text/html is org.apache.jmeter.protocol.http.parser.LagartoBasedHtmlParser
2021-10-27 19:03:51,624 INFO o.a.j.p.h.s.HTTPSamplerBase: Parser for application/xhtml+xml is org.apache.jmeter.protocol.http.parser.LagartoBasedHtmlParser
2021-10-27 19:03:51,624 INFO o.a.j.p.h.s.HTTPSamplerBase: Parser for application/xml is org.apache.jmeter.protocol.http.parser.LagartoBasedHtmlParser
2021-10-27 19:03:51,624 INFO o.a.j.p.h.s.HTTPSamplerBase: Parser for text/xml is org.apache.jmeter.protocol.http.parser.LagartoBasedHtmlParser
2021-10-27 19:03:51,624 INFO o.a.j.p.h.s.HTTPSamplerBase: Parser for text/vnd.wap.wml is org.apache.jmeter.protocol.http.parser.RegexpHTMLParser
2021-10-27 19:03:51,624 INFO o.a.j.p.h.s.HTTPSamplerBase: Parser for text/css is org.apache.jmeter.protocol.http.parser.CssParser
2021-10-27 19:03:51,676 INFO o.a.j.JMeter: Creating summariser <summary>
2021-10-27 19:03:51,680 INFO o.a.j.e.StandardJMeterEngine: Running the test!
2021-10-27 19:03:51,680 INFO o.a.j.s.SampleEvent: List of sample_variables: []
2021-10-27 19:03:51,680 INFO o.a.j.s.SampleEvent: List of sample_variables: []
2021-10-27 19:03:51,685 INFO o.a.j.e.u.CompoundVariable: Note: Function class names must contain the string: '.functions.'
2021-10-27 19:03:51,685 INFO o.a.j.e.u.CompoundVariable: Note: Function class names must not contain the string: '.gui.'
2021-10-27 19:03:51,962 INFO o.a.j.JMeter: Running test (1635341631962)
2021-10-27 19:03:51,991 INFO o.a.j.e.StandardJMeterEngine: Starting ThreadGroup: 1 : SampleExpensesThread
2021-10-27 19:03:51,991 INFO o.a.j.e.StandardJMeterEngine: Starting 1 threads for group SampleExpensesThread.
2021-10-27 19:03:51,991 INFO o.a.j.e.StandardJMeterEngine: Thread will continue on error
2021-10-27 19:03:51,991 INFO o.a.j.t.ThreadGroup: Starting thread group... number=1 threads=1 ramp-up=1 delayedStart=true
2021-10-27 19:03:51,992 INFO o.a.j.t.ThreadGroup: Started thread group number 1
2021-10-27 19:03:51,992 INFO o.a.j.e.StandardJMeterEngine: All thread groups have been started
2021-10-27 19:03:51,999 INFO o.a.j.s.SampleResult: Note: Sample TimeStamps are START times
2021-10-27 19:03:52,000 INFO o.a.j.s.SampleResult: sampleresult.default.encoding is set to ISO-8859-1
2021-10-27 19:03:52,000 INFO o.a.j.s.SampleResult: sampleresult.useNanoTime=true
2021-10-27 19:03:52,001 INFO o.a.j.s.SampleResult: sampleresult.nanoThreadSleep=5000
2021-10-27 19:03:52,001 INFO o.a.j.t.JMeterThread: Thread started: SampleExpensesThread 1-1
2021-10-27 19:03:52,031 INFO o.a.j.p.h.s.HTTPHCAbstractImpl: Local host = bala-9784
2021-10-27 19:03:52,041 INFO o.a.j.p.h.s.HTTPHC4Impl: HTTP request retry count = 0
2021-10-27 19:03:52,137 INFO o.a.j.p.h.s.h.LazyLayeredConnectionSocketFactory: Setting up HTTPS TrustAll Socket Factory
2021-10-27 19:03:52,143 INFO o.a.j.u.JsseSSLManager: Using default SSL protocol: TLS
2021-10-27 19:03:52,144 INFO o.a.j.u.JsseSSLManager: SSL session context: per-thread
2021-10-27 19:03:52,244 INFO o.a.j.u.SSLManager: JmeterKeyStore Location:  type JKS
2021-10-27 19:03:52,248 INFO o.a.j.u.SSLManager: KeyStore created OK
2021-10-27 19:03:52,248 WARN o.a.j.u.SSLManager: Keystore file not found, loading empty keystore
2021-10-27 19:03:52,454 INFO o.a.j.t.JMeterThread: Thread is done: SampleExpensesThread 1-1
2021-10-27 19:03:52,455 INFO o.a.j.t.JMeterThread: Thread finished: SampleExpensesThread 1-1
2021-10-27 19:03:52,455 INFO o.a.j.e.StandardJMeterEngine: Notifying test listeners of end of test
2021-10-27 19:03:52,458 INFO o.a.j.p.h.s.ResourcesDownloader: Creating ResourcesDownloader with keepalive_inseconds : 60
2021-10-27 19:03:52,475 INFO o.a.j.r.Summariser: summary =      3 in 00:00:01 =    5.9/s Avg:   109 Min:    30 Max:   260 Err:     3 (100.00%)
2021-10-27 19:03:52,475 INFO o.a.j.r.Summariser: Generate Summary Results =      3 in 00:00:01 =    5.8/s Avg:   109 Min:    30 Max:   260 Err:     3 (100.00%)
